2013-09-01 06:36:59 Error: [MissingControllerException] Controller class GruposController could not be found.
Exception Attributes: array (
  'class' => 'GruposController',
  'plugin' => NULL,
)
Request URL: /musicalia/grupos
Stack Trace:
#0 C:\AppServ\www\musicalia\app\webroot\index.php(111): Dispatcher->dispatch(Object(CakeRequest), Object(CakeResponse))
#1 {main}
2013-09-01 06:37:47 Error: [MissingControllerException] Controller class GruposController could not be found.
Exception Attributes: array (
  'class' => 'GruposController',
  'plugin' => NULL,
)
Request URL: /musicalia/grupos
Stack Trace:
#0 C:\AppServ\www\musicalia\app\webroot\index.php(111): Dispatcher->dispatch(Object(CakeRequest), Object(CakeResponse))
#1 {main}
2013-09-01 06:56:36 Error: [MissingControllerException] Controller class GruposController could not be found.
Exception Attributes: array (
  'class' => 'GruposController',
  'plugin' => NULL,
)
Request URL: /musicalia/grupos
Stack Trace:
#0 C:\AppServ\www\musicalia\app\webroot\index.php(111): Dispatcher->dispatch(Object(CakeRequest), Object(CakeResponse))
#1 {main}
